        0.747923      -0.0206098         1.15029
        0.989474        0.493427         1.31155
        -1.01277        0.355179         1.08035
         0.34634        -1.21412        -1.09084
        0.730797          2.0175       -0.287643
        0.070202        -1.30731         -1.5727
         1.43546        0.580014        -2.24503
        -2.54178       -0.724775        0.968851
        -1.73708        0.438214        -1.22384
       -0.078456       -0.580433         2.49562
       -0.791979       -0.577501        0.293025
        -1.18091        -1.09714        0.354555
       -0.296555         1.54546       -0.019638
         3.14931        0.673232         2.19575
       -0.116273         1.94355        -0.71719
        -1.70228    -0.000798177        -1.15619
         -1.8098       -0.703893        -0.89455
      -0.0850739        0.334943         1.45772
        0.478662         1.46296       -0.311311
         2.78764        -1.21164       -0.569806
        -1.00256        -1.31456       -0.522516
        0.427014         1.53754        0.518093
        -2.38007        -1.78592          -2.191
        0.212116          2.4478        0.214176
         2.10648       -0.177113        0.938342
        -1.14854       -0.544707        -1.08962
        0.315042        -2.67742       -0.725996
        0.785266        -1.68965        0.922321
        0.857922       -0.357369        -0.28097
         0.54981       0.0562333        0.569878
      -0.0549638       -0.288762         1.21095
          1.7269         1.11114        0.890906
         1.09675       -0.259129         1.01148
         1.29605        0.998926        0.908228
        0.497124         2.10561      -0.0173542
        0.435271         1.47044        0.632151
        0.410264       0.0564966       -0.756549
       0.0138334        -0.54199         1.03738
         1.43609        0.162513         1.88491
         1.04288           1.212       -0.091609
         1.11425        0.309155       -0.406529
       -0.232746       -0.741194        -1.29306
          1.2562        -1.47493      -0.0847226
         0.45997         1.43903        0.929763
        0.263587        -1.51298        -1.79193
        -1.42404         1.51622         0.50093
          1.5203        0.130292       -0.719812
       -0.415832        -2.50087       -0.517191
        -2.00008          2.4324         2.37059
         0.53098       -0.555236        0.279893
        0.531142       -0.542449       -0.335421
        0.307413        -0.77975        -1.61535
        -0.42727        0.909352       -0.812553
         1.15228       -0.210433        0.179576
       -0.591465        -2.04621        0.240997
         1.43788        -2.41558         -1.1781
       -0.142151         1.13206        -0.35702
       -0.732608         2.04958         1.66358
       -0.530073         1.54155       -0.999272
        -1.07018       -0.619289       -0.106096
       -0.331219        0.989062        -1.23235
        -2.55818       0.0303076        0.309089
        0.054988        0.462864       -0.395293
        -1.23639       0.0925492       -0.291275
          1.5333        -1.52056         1.00562
        -0.73879         1.81334        -1.18321
      -0.0501146        -1.15153        0.103813
        -3.13663        -1.30917       -0.183088
        -2.17966       -0.962239       -0.693734
        0.793764       -0.288446         0.63289
       -0.741663        0.102558        -1.19752
       -0.319911        -1.52135         1.35124
        -1.95634         1.07321        0.862475
       -0.367261       -0.883151        -0.10224
       -0.143201         2.04637        0.635782
        0.321707       -0.130515       -0.256932
        0.429607        0.828135        -2.16088
        0.686428        -1.24798       -0.776931
       -0.809954       0.0439362         1.31597
       0.0595225        0.498637       -0.185774
        -0.79113         1.00201         2.28673
       -0.790892        0.398501        -1.74701
       -0.387277        -1.06671        0.101959
       -0.203668         1.45684        0.979576
         1.12205       -0.915749       -0.154539
         0.60951        -1.62532       -0.522524
        0.756602        0.263966       -0.373136
       -0.190127       -0.565694        -1.41576
         1.44668        0.277711         1.19279
       -0.236887        -0.77261        0.341409
       -0.681619       -0.798891        0.212581
         -1.0705       0.0903059         0.61075
        0.226583       0.0648105       -0.681494
         1.31329        0.564929        0.507617
        0.265478         0.32141       -0.259162
       -0.594118      0.00673204        -1.34895
       -0.691147        0.589527       0.0589045
      -0.0520079        -1.34065        -0.81858
       -0.583804        0.184736        0.829955
       -0.795708        -0.47046       -0.675847
         1.92036        -1.17399        -0.23137
        0.804785       -0.900727      0.00994794
        -1.15574        0.742689         1.17766
         2.26297      -0.0310594        -1.15902
       -0.875469         1.12308        0.776273
       -0.643462        0.797007         1.18427
       -0.364058         1.16096       -0.656669
         1.05623       -0.338431      -0.0145046
