        -1.48226         1.44716        0.895963
       -0.637826        -1.39179        0.448272
        -0.76325        -1.32822       -0.723526
       -0.399372       -0.998832        0.384261
      -0.0651693       -0.476485        -1.14508
        0.828345       -0.922378        0.694853
       -0.774414         -1.7678         1.11503
        -1.74502        -0.77313        0.777537
       -0.457972        -1.41799        0.129742
       -0.449219       -0.697376        -0.72102
        0.895915      -0.0820865         2.22157
        0.556905         1.09451        0.294663
        0.915854         1.43975          2.9389
        0.469912         -1.4998          1.3858
         1.07645        0.862829        0.777781
        0.185446         0.85738        -1.87395
        0.950429        0.778893       -0.101898
       -0.357832        -1.79017        -0.39338
       -0.736668        0.137281        0.344152
       -0.565786        0.214356       -0.566272
       -0.154662      -0.0309059         -1.1966
       -0.487301          0.1407        0.311319
        -1.40947        0.260415         1.65179
        0.946581       -0.721679         3.28162
      0.00403679        -1.11934       -0.825982
       -0.567985         1.42144        0.215032
       -0.225283       0.0152686        -1.59487
        -1.06858       -0.140985       -0.875519
       -0.284422         1.10244       -0.443355
         1.21509       -0.905356       -0.400371
       -0.474366        -0.62415        0.963867
        -1.31724       -0.693547        -2.01157
         1.84645          1.5065        -1.90719
       -0.873952        0.619163        -1.79747
        0.850066        0.332994        0.321488
        -1.50217       -0.498044        -2.20079
         2.23782       0.0479513        0.430855
          1.7631        -1.12075        0.631278
        0.194166       -0.605293         1.67083
       -0.817288        0.474866       -0.189305
       -0.239228       0.0263273        0.620466
       -0.393851       -0.682144         0.58375
       -0.754594       -0.560421       -0.329526
      -0.0902255        0.539005       -0.785156
         -1.2039          1.6929        0.070469
       -0.415664         -0.3858       -0.795891
         1.25493        0.571269         1.31813
        -1.16309       -0.223194       -0.501958
        0.527057       -0.483193        -2.07371
         -0.4768        -0.66488         1.20566
       -0.242434       -0.231947        -2.12126
       -0.697606        0.750982       0.0838253
         1.71661        0.209866        0.674174
        0.603217       -0.623243       -0.785758
           1.992        -1.09134        -0.60246
         0.58165        0.314472       -0.438383
        0.612602       -0.268726        -1.41174
       0.0126484         1.64681        0.471364
       -0.414098       -0.195744        -1.64125
         1.27504       -0.913048       0.0858771
       0.0155045         1.52116       -0.256314
         1.91963       0.0445562        0.468338
       0.0234909      -0.0609289        -1.23086
        0.598408       -0.168616         1.59024
       -0.225334        0.896057        0.845454
       -0.634902       -0.390838        0.339881
       -0.801402        -0.34275        0.428463
        0.715029          0.8083        -1.18072
       -0.914743        0.723139        0.289426
        -2.11788        -1.21072        -2.09657
        -2.00365       0.0336995         1.12956
        0.392008         2.25262        -1.78137
       -0.382529        0.385649       -0.943819
       -0.308761       -0.718107       -0.107649
        -1.14991        0.975326        0.150355
        -1.18455         1.33636        -0.21826
       -0.111188       -0.876054        0.208073
       -0.286607        0.183911       -0.754969
        0.263155        0.428196         1.53355
        -0.32583        0.639614        0.560619
        -1.70274         1.67838       -0.496988
       0.0488775       -0.752658         2.13418
         1.92049        0.761921         1.77463
         1.20881        -1.84228        0.735411
         1.87202       -0.813783           0.378
       -0.643926        -1.97249       -0.207903
        -1.29489        -1.13938        -0.39447
        -0.35688        -2.83241         1.18771
        0.459134       0.0257879       -0.132367
         1.09186        0.867882       -0.401158
       -0.430609         2.48017        0.467034
         2.22028         -1.1742       -0.735095
      -0.0635348        0.636488        -1.41255
        -1.36224        0.376439      -0.0506402
        -1.40302         -2.3282        -1.40036
        0.169145       -0.158239        0.219246
        -1.18318         3.10381       -0.203044
       -0.100857         1.32213         1.79095
        0.506523       -0.996411       -0.188901
        0.139544       -0.993664       -0.104069
       -0.167699        0.628723       -0.115629
         1.02557        0.275418        -1.09092
          1.2522        0.547945         0.27721
         1.48797         1.41876         1.75739
        0.769047         0.41224        0.383226
        0.891468      -0.0294663         1.69177
         1.51524        0.516338        -1.95693
        -1.15187        0.944494        0.575774
