         1.24301       -0.838852       -0.987898
         1.16844        0.545801       -0.773851
        0.352007       0.0226195       -0.559612
       -0.107451         -2.3358        -0.77045
        0.743721        0.296143        0.396316
        0.072828       -0.679345       -0.453697
         0.93214       -0.147783         1.82476
         1.58765        0.502859       0.0524713
        -0.81709        -1.19389        -1.15945
        -1.34507        -1.83005        -1.37682
        0.720398        -1.03698         1.54279
      -0.0892952         1.75586       -0.183928
       -0.793661       -0.400969          2.6825
        -0.58642        0.743875       0.0450496
        -1.12006       -0.736258        0.525542
       -0.848686        -1.06257         -1.0161
        -1.14998        -1.11143        0.584341
        -1.06136      -0.0627516         1.02128
       -0.881022           1.285        0.299476
       -0.572107       -0.924726       -0.466222
        -1.01873        0.808489        0.871296
         0.12946         1.57791        -1.81813
        0.590183        0.797721       -0.222251
       0.0619962      -0.0874554        0.660318
        0.332534        -1.22695        -1.14656
         1.15476        0.501428        0.230375
        0.675217       -0.491854       0.0012915
         0.84649        -1.76578         1.65056
        0.498794         1.24953         1.35325
       -0.112281     -0.00301154        0.222062
       -0.304425        -2.57712       -0.890201
       -0.655291        0.886588        -1.13892
        0.396226         -0.6577        0.282134
        0.481077         1.02533           1.027
        -1.70438       -0.835614       -0.470409
      -0.0306364         2.22757        0.309437
        0.361628        0.288059         0.71116
       -0.453974       -0.966814        0.192572
       -0.650374         1.41334        0.395035
       0.0800364       -0.396435       -0.814413
         1.27485        0.368878       -0.871921
           1.083        0.848444        -1.32106
        0.258694         1.20043        0.980388
         1.39368       -0.427623       -0.500224
        0.244615       -0.574015        0.734978
        0.903012        -1.67227        0.230829
       0.0322897         1.73204       -0.903471
        0.808842       -0.458168        0.660928
        0.695791         1.57736        0.679135
        0.397008        0.529199         2.10418
        -3.23818         1.73353       -0.543141
        0.481092        0.277216       -0.515833
        0.523888         2.47291      -0.0410013
        0.599411       -0.320008        -1.46785
        -1.06008        0.250976         1.75985
       -0.483494        -1.87332       -0.550178
        -2.15685      -0.0502381       -0.320558
        0.187351        -2.34267         2.30193
       -0.333156        0.968901         1.35558
        0.188952          1.6856         0.73746
        -2.19033       -0.149759        0.634735
       -0.643501         1.15589       -0.559036
         1.26832        0.586313       -0.673575
     -0.00553733       -0.495251       -0.335981
       -0.541578       -0.952362       -0.490815
       -0.975475        0.808672       -0.280877
        0.060044       -0.470843       -0.256695
         1.10178       -0.505411        0.197856
         1.05784       -0.636343        0.505927
        -1.02582        0.715008       -0.309823
      -0.0167755         1.52372       -0.560953
       -0.096475        -1.51945       -0.965236
         -0.3891        0.273509        -1.28439
        0.170805         -1.6074         0.49089
         1.21792         0.44224        -1.76014
        0.838612       -0.206749        0.203785
        -0.72328       -0.509862       -0.341248
       -0.398857        0.755516          -0.749
        0.174122         1.10966         0.76711
          1.1088       -0.598742        0.302832
        -1.39986         2.09777        0.630678
       -0.868609       0.0277672        0.242768
        0.142655        0.144005        0.590218
        0.302484        -1.12501         1.99645
       -0.619588        -0.49959      -0.0550874
       -0.682375       -0.145885       -0.614136
        -0.36422         1.43014       -0.617017
       -0.214019        0.330487        -1.88312
       0.0462208       -0.475719        -1.31536
         0.42462        0.789253         1.06579
         1.35529       -0.902761        0.841358
        0.443634        0.790502        -1.65456
       -0.557806        -3.06659        0.014757
        -1.00916         0.64031         -2.3072
        0.305957       -0.602292       -0.631683
       -0.604096        0.799059      -0.0905073
         1.42543       -0.914808        0.562279
         2.57272        -2.77011        0.979014
        0.475109        -2.24435       -0.994285
        0.175598        0.991792         0.14838
       -0.374489         3.06862       0.0592244
         -1.2694         2.07361       -0.461826
        0.997605        0.994159       -0.945164
        0.253682       -0.363168        0.918755
         2.65675          1.2882         1.38315
        -1.56126        -2.00572        0.503752
        -1.30804       -0.714106       -0.237026
       -0.663375        0.160928          0.1929
