       -0.986141         0.77044        0.872272
         1.66365         1.15908       -0.447236
        -1.48358       -0.311723         1.58101
       -0.237151       -0.587432        0.104968
        0.613519        0.142891        -1.80252
       -0.149964        0.436503        0.638956
       -0.234907         2.71874        -1.13335
         1.07175        -1.12001        -2.55399
        -0.46487       -0.527865         1.22263
        -2.01729        -2.20907       -0.774701
        -1.27014          1.1998         1.57871
        -1.55858         1.21778       -0.613985
        0.428037         2.35658        0.208651
        0.489807         2.08941         1.39223
        0.419743       -0.828023        0.154738
        0.660845         1.94262        0.361996
        0.559006       -0.194472       -0.634043
       -0.753596        -1.29354        0.884097
      -0.0978497        0.594924         1.02761
        0.471539         1.45078       -0.403095
        -0.53454       -0.901766        0.762283
        0.793685         1.11262         1.20511
        -1.26033         1.50724       -0.682469
        -1.86142        -1.63029      -0.0125542
       0.0915797       -0.008269        0.970056
        -0.73304       -0.168247         1.66992
         1.69059        0.146125         1.42218
      -0.0180847      -0.0362756        0.741071
        -1.26094          1.5432        0.784706
        0.704046       -0.339683       -0.365074
      -0.0916297      -0.0242203       -0.715654
      -0.0748701       0.0593995      -0.0986413
       -0.109025        -1.06963        0.804535
         2.15217       -0.813653        -1.16083
       -0.715279           1.306         1.42631
         1.02807        -1.52541        0.401004
       -0.630608        -1.39172        -0.65102
        0.635225        0.727438         2.08215
        -1.69301         1.35445       -0.933802
        0.991715        -3.06941       -0.882456
       -0.561377        0.514626         0.54491
         1.35948         1.43306        -1.46052
        0.407231      -0.0941579        -1.54347
       -0.845619       0.0654889       -0.661763
        -1.54649       0.0487418        0.388447
        0.899066        -1.39757         1.50475
       -0.539994        0.520592        -2.44454
         -1.2064        0.083174        0.610036
         1.08805        0.353076       -0.182481
        0.734025      -0.0816357        0.184782
       -0.526129        -2.02984        0.294954
       -0.401055      -0.0133655       -0.654844
        -1.54418      -0.0788072       -0.561928
        0.814879         1.35214        0.634909
      -0.0341467        -1.12563        -0.19716
        0.521086        -0.71212         1.20073
         2.17021        0.302539       -0.466267
        0.467777        0.671168       -0.789503
       -0.933935        -1.18809        0.763223
       -0.176423        -2.02217        0.696374
         1.34723        0.892895         -1.3952
        0.469396       -0.174092         1.38131
        -1.20749        -1.18686        0.615343
       -0.364202      0.00146081        -1.92758
        0.900792        -1.42686       -0.579096
        0.396693        -1.41569      -0.0162578
       -0.914215       -0.650218         1.13065
         3.38339        0.869764          1.0451
         0.32065        0.962209         1.52143
       -0.663729        0.928071         1.77193
       -0.418249       -0.518739        -1.16737
       0.0699056       -0.614493         2.06629
        -1.74634       -0.461547        -1.09149
       -0.810113        0.326066       -0.257785
       -0.545487      -0.0363451          1.6375
       -0.345062       -0.280795       -0.191418
        0.744269        -0.74497         1.04918
         2.28874        0.278156        -1.14764
        0.665468       -0.127935        -0.86504
      0.00928034         1.13439        -2.33503
       -0.489022      -0.0464062          1.3996
        0.571429       -0.211068        0.903191
        -1.34748       -0.299681        -1.32724
       -0.465587        0.973965       -0.652101
         1.13611       -0.216104       -0.951574
        0.751204         -1.2376        0.850227
        0.177164       -0.795201        0.760092
        -3.04405       -0.746473        -2.90527
         0.57289       -0.143994       -0.690057
        0.559104        -1.18548         3.13233
        -1.48033        -1.35208       -0.195127
         2.80513       0.0970788        -2.43903
        0.180543        0.752823        0.259562
       0.0124702        0.940876        -1.84307
        -1.12125         1.17942       -0.395437
         1.13128         1.39928        0.817412
       -0.190038       -0.598315        -1.04331
        0.552212       -0.925556         1.13765
        0.421773         1.37395        -2.01397
       -0.174413       -0.168217       -0.245333
        -0.67438        -3.13786        0.903306
         0.95044        0.301787        -2.46409
        -1.36229         1.50064     -0.00346373
        -1.30869        0.298566       -0.463659
         0.76499      -0.0472138       -0.851785
       0.0241212         1.33623        0.653968
           1.176        0.178032       -0.718523
      -0.0844379        0.637628        0.848468
