       -0.223399       -0.516568       0.0940867
         1.79324       -0.117781       -0.107771
        0.388769        -1.03199         1.05985
        0.287186        0.557396          1.0058
       -0.950845         1.11282       -0.348259
        0.407175        0.688827        -0.16772
        0.130729       -0.703575        -0.17707
        0.105709        0.463265        0.280658
         0.17126        0.562881        0.517269
       -0.833479       -0.284843       -0.439554
       -0.521964     -0.00774824         -1.1769
       -0.255921       -0.866385       -0.465107
         2.01993       -0.211388      -0.0314001
        -1.40137        0.170701        -1.60263
       -0.227888       -0.824199         1.01367
       -0.269189        -1.40895        0.894664
         1.00633       -0.837681       -0.235431
        0.566698        -1.77127        0.196768
        0.121696        0.623867        0.883445
         1.53261        -0.34758        -0.59345
       -0.147669       -0.298729      -0.0314917
       0.0121727       -0.265572        0.110638
        0.104215        0.873112          -1.091
       -0.366219        0.462099       -0.669099
         1.18145      -0.0393743      -0.0224127
       -0.929991         1.94856       -0.234638
      -0.0509268      -0.0431775        0.563497
        0.252835        -0.17885       0.0180022
       -0.189069        -1.13988        0.210598
       -0.276406       -0.151387        0.363249
      -0.0544714        0.913672         0.84263
       -0.418886        -1.41266        -1.34052
        -1.65032       -0.335972        -1.06827
        -1.20277        0.845036         2.96007
       -0.985332        -1.36512       -0.461359
        0.782457       -0.479494      -0.0955696
       -0.512465         1.02297        0.176585
      -0.0386469        0.691194        -1.18758
       -0.249991        -0.71472        0.440074
        0.299848        0.947009        0.347897
        0.151209        -1.40167        -1.32444
       -0.261094        0.876928       0.0478788
       -0.705867        0.943772        0.975902
         1.60855          0.6324        -1.65077
       -0.486531       -0.906019        -2.21775
       -0.328328        0.333419         0.85551
       -0.242078        -0.73604         1.31595
         -1.0202         1.70688       -0.143306
       -0.331236       -0.206362        0.890266
         0.28115         1.43598       -0.433641
         1.50853       -0.882297       -0.339508
        0.795561        0.541298         0.68781
        0.658576       -0.452542      -0.0648296
       -0.208507        0.983203       -0.680954
         1.21058        0.716715      -0.0874888
       -0.620299        0.705463        0.549874
       -0.227652        0.317522        0.357892
       -0.794776       -0.453944         -0.5252
       -0.342457       -0.474937        -1.81847
      -0.0769433        -1.47458       -0.179683
         1.00178        -1.82196      -0.0904155
       0.0940711        0.103802       -0.464723
       -0.588322         1.51765        0.886882
         1.38109         -1.1838       -0.357801
        0.111261         1.06988         1.08515
       -0.871556        0.236143        0.779547
        -1.06171        -1.05353        0.771182
        0.182937       -0.229489       -0.836828
       -0.416577       -0.415507        -1.20096
        0.042166         1.31672       -0.202664
       -0.564211       -0.688984       -0.375547
        0.728014         -0.7176         1.78075
        -1.59191        0.766578         1.23626
        -1.33882       -0.609503       -0.814902
        0.900462       -0.633508       -0.510278
         2.15035         1.84983       -0.179295
       -0.023629         1.33224        -0.21735
         0.77257        0.138933       -0.680291
         1.05711        0.399381        0.532956
        0.629734        0.580215        -1.01469
        0.152887         0.34966      -0.0325433
        0.721346       -0.150417       -0.269595
       -0.607449         1.10689      -0.0799527
       -0.840564        0.798331       -0.840648
      -0.0853273       -0.529312         0.02009
       -0.219709       -0.877536        0.542088
        -1.32289       -0.621484         -1.0481
        -1.70892       -0.336064          1.5343
       0.0914404         0.38705        0.391284
       -0.518093          3.0058        0.160029
         1.19982       -0.679512         1.63022
      -0.0693801        0.804692         -0.5758
       -0.366965         1.61607        0.375005
         1.54111        0.124397         1.41897
         -1.0942       -0.468864          1.8353
         1.19142        0.372821       -0.401266
        0.381914       -0.546476       -0.415816
        0.900707         1.68238        0.405044
        0.108088        -1.67701        -1.42467
         0.74128       -0.225907       -0.421411
        -1.34414        -2.44861        0.640345
        -1.19946       -0.356066       -0.971624
       -0.177513        -2.18796        -1.32932
       -0.623381       -0.375072         1.40051
        -1.43505       -0.635514        0.546058
         1.07818        0.146102       -0.281038
         1.25615       -0.143272        0.739381
       -0.321376         1.17363       -0.321105
