         1.25928        0.830248         0.61324
         1.11348         -1.2179         1.64724
        0.051423       -0.448767       -0.617247
         1.98876       0.0922825        0.506231
         1.43172        0.177228         1.14988
         2.21269       -0.274957       -0.894189
        -1.19512       -0.260403        0.357029
       -0.130998        0.371186        0.279756
         2.61595       -0.425501        0.121534
        -1.68557        0.708735        0.697671
         -0.3789        -1.97229        -1.19408
         -1.0539       -0.229898       -0.367735
        -1.00537       -0.033283         1.11638
          1.1049        0.585951       0.0682244
        0.580962         1.56039        0.964205
       -0.325153        -1.14965        0.895783
        0.655571        0.851573         0.80947
        0.245385        -1.45588       -0.903769
       -0.322588         1.99015       -0.615431
        0.351956       0.0833645      -0.0601744
       -0.296616       0.0676086        0.482815
        -1.32796         1.52411         1.12872
        0.331452         -1.8392         1.83225
         2.20815        0.184669        0.801086
       -0.922192       -0.506561       -0.846144
        -1.77344        0.264129       -0.417114
       -0.188774        -1.39988       -0.480439
       -0.274729        0.582224     -0.00704702
       -0.717523       -0.829246          1.0014
         -1.3224        -1.19228        0.267635
        -1.09583        0.747917        -1.19253
        -1.80028       -0.301678      -0.0256126
       -0.758589         -1.5064         3.45322
        -1.68042        -1.03696        0.438628
       -0.790871       -0.355889       -0.211541
        -1.51844         1.56145        0.774653
         1.01087        -1.29961        0.668163
        0.293531        -1.50147        0.297113
      -0.0173723        -2.12228       0.0225515
       -0.232296         1.43122        0.294063
         1.11796        0.518833         0.87987
        0.373913         1.45353       -0.986604
        -0.75699         2.33891       -0.864702
       -0.347885        0.445767        -1.49326
        -2.18878        0.754077       -0.570151
         2.38783        0.999065        0.711449
       0.0601787        0.712217        -1.33649
       -0.936144        0.419172        0.336639
       -0.689991          2.7798        0.271427
        0.918004        0.338936        -1.60449
         -1.8506       -0.328518         -1.3927
       -0.915512        0.799767        -1.86539
         1.38161        -2.97031        -3.50045
        0.613134         1.58207       -0.454138
        0.861082       -0.536858        0.422134
       0.0330863       -0.305551         1.33183
       0.0319595       -0.164887        -1.11402
        0.327569        0.582368       -0.729918
        -1.16484       -0.659606       -0.729698
        -1.03642        0.252335       -0.126111
        -0.50101         1.71693         1.05537
         1.06193       -0.354002        -1.06687
        -1.48584      -0.0335927        -1.58552
       -0.162501        -1.24281         -0.3777
       -0.395334        -1.10087         1.55768
        0.117881       -0.862776         -1.2869
        0.440748        -1.79084       -0.969051
        0.440568         1.18629        -1.44126
       -0.980191      -0.0546543       -0.847451
        -1.39468        0.171119        0.203832
       -0.855532       -0.434369        0.650802
       -0.515447         1.38952         0.88988
        0.475375        0.103889       0.0740295
       -0.222498         0.43019         1.42974
         0.35352         1.67408       -0.273757
       -0.484913        -1.05318       -0.467862
         1.30557        -1.55653         1.22058
       -0.235691        -1.36232        0.263426
          1.7761         2.29273        0.445975
        0.883213        0.644968       -0.435653
        -1.36118        -0.43328        -1.14043
        0.503403       -0.412073       -0.481205
        0.742684       -0.580394       -0.510227
       -0.232444       -0.707785     -0.00854074
       -0.141057       -0.400125         0.56279
        -1.38815       -0.265238       -0.313224
        0.882956         0.59868        0.242307
        -0.95893         1.42229       -0.821757
        -1.26511         1.39555       -0.141759
        -1.11828        -1.54171        0.884692
        0.693813       -0.513393        -1.10834
        0.867017       -0.369756         2.09512
        0.629182        -0.62128       -0.477954
       -0.540943         1.23786        0.271693
         1.90367         1.18194        -1.00474
       -0.116853        0.374205        -1.31029
      -0.0136781        0.144067       -0.723056
      -0.0602758        0.987337       -0.266704
         1.08999        -1.30836         1.54601
         1.47319        0.315033        -1.36828
        0.709815       -0.838921         1.46733
       0.0583976         1.46583       0.0208353
        0.650994      -0.0903958         1.28761
       -0.791858       -0.319259         1.45538
         1.34625         1.01241       -0.368703
        0.901933       -0.865857        0.142733
       -0.311613        -1.69242        -0.39536
         1.36591       -0.204365         1.38369
