        0.796706      -0.0636818       -0.306368
        -1.74179       0.0855892        0.183188
        0.500463       -0.551406       -0.722065
        -1.22001        -0.66106       -0.211898
        0.382919        0.186741        0.814596
       -0.877672        0.745002        0.943281
         1.47753        0.743478       -0.741092
         0.48523      -0.0636009        -1.19154
      -0.0752289         1.04803        0.396705
         1.65947        -1.12226       0.0729129
       -0.766528         1.68759        0.421067
        -1.04463         1.13214         0.68129
       0.0569101       -0.425349       0.0800349
        -1.63209       -0.118179       -0.392708
       -0.441565        0.430593       -0.498952
        0.785152        -1.51461       -0.436039
       -0.876965         0.28842       -0.171571
       -0.505884        0.365734       -0.554353
       -0.302126         0.20518        0.840115
       0.0513858        0.325498        -1.54273
         1.49515        0.157809       -0.806617
        -1.05958        0.753086       -0.382138
        -1.59707       -0.227401        -0.41665
         1.69211       -0.372038         1.36731
       -0.867588         1.12125        -1.24276
         2.62634        0.379845        0.239827
        0.695263        0.431169        0.381661
        -1.56485      -0.0993069        0.452497
        0.120495        0.399488        0.216191
         -1.1823        -1.54779        -1.31965
        0.601252        -1.20033        0.904907
       -0.555305         1.86672         1.87911
        -1.20055       -0.604305        0.840822
       -0.696535       -0.899573        0.426641
       -0.272461       -0.107238        -2.20385
        0.392756       -0.815093        0.665127
         1.52695         1.34855        -0.69043
       -0.723604         1.47085         1.09639
       -0.610647        -1.80537       -0.239482
         1.28578         1.32806      -0.0412704
          1.1302       -0.259799       -0.704147
       -0.604067        -0.50475        -1.78752
        0.922859       -0.762363        0.249263
         1.97944       0.0289398         1.16032
         1.61654       -0.151396       -0.969824
       -0.984054        -0.82622        0.441486
       -0.596711        0.938603       -0.077779
        0.326547      0.00473272       -0.260502
       0.0585898        -1.83413        0.744464
        0.189854      -0.0419721       -0.835516
        0.156097        -1.60667        0.229593
        0.377908        0.318275        -1.05794
       -0.996261       -0.895946        0.512632
         1.39553         1.34378         1.01884
       0.0217947      -0.0862983         1.45602
        0.644746        0.324062        0.653912
        0.614925       -0.265315       -0.186971
       -0.399565        -1.35062        0.928794
        -1.09288       -0.128392       0.0797243
        0.380632         1.20356        -1.24741
        0.150304        -1.47591        0.367127
        -1.01417       0.0848593        -2.17449
      -0.0533272       -0.356802        -2.51309
        -1.18632        -1.21526        -1.44798
        0.179161         0.36569       -0.933815
        0.770686       0.0631295       -0.727391
        0.560594         0.16397         1.49578
        0.621095         1.97688        0.469273
        -1.05072        -1.28231         0.95637
        -1.18447         1.05601        0.747012
      -0.0441809       -0.945679        -1.40401
         1.25923       -0.452058       -0.409357
       -0.359821         0.49669        0.401527
       0.0695621         -2.0149       0.0223024
        -0.38804        0.425992        0.826518
        0.165678         -0.4988         0.23674
       -0.263623       -0.391885        0.605914
        0.739944        0.247123        0.201096
        0.442568         0.25428         -0.1321
         0.15898       -0.351396        0.899553
       -0.187471      -0.0510131         -1.3378
        -1.34825        -1.59476        0.451703
       -0.317179        0.817818       -0.629566
        0.724511         1.32719        -0.45448
       0.0684727        -2.26728        -1.12654
        0.738571       -0.409127       -0.666574
        0.640983        -1.00528        0.314822
        0.119937        0.181907       -0.534704
         1.21181       -0.336159         0.28117
       -0.733432      -0.0676947       -0.615708
         0.25956         3.47624       -0.803494
        -1.53873        0.781092        0.274664
        -1.17567       -0.856091         1.01432
       -0.306683      -0.0947824         0.49438
         1.43503         2.05067       0.0305209
        -1.24662         1.78401       -0.327082
        -2.15326       -0.455722       -0.269775
       -0.717526         0.69208        0.592542
        0.712126       -0.256395        0.312814
        -0.98612        0.410323        0.598864
        0.273185        -0.37295       -0.300905
       0.0826157       0.0796366       0.0915971
         1.07218       -0.560845          1.9204
         1.65163         0.51327         1.35614
        -0.95891        0.336205         1.52583
        0.574842       -0.408494       -0.327087
        0.789205         1.07872        0.093408
       -0.216961       -0.692506         1.41461
